c:\users\nguoi\onedrive\desktop\pbl-2\debug\vc142.pdb
c:\users\nguoi\onedrive\desktop\pbl-2\debug\vc142.idb
c:\users\nguoi\onedrive\desktop\pbl-2\debug\yeucauthutuc.obj
c:\users\nguoi\onedrive\desktop\pbl-2\debug\source.obj
c:\users\nguoi\onedrive\desktop\pbl-2\debug\qltt.obj
c:\users\nguoi\onedrive\desktop\pbl-2\debug\qlltt.obj
c:\users\nguoi\onedrive\desktop\pbl-2\debug\qlgtbs.obj
c:\users\nguoi\onedrive\desktop\pbl-2\debug\qlcd.obj
c:\users\nguoi\onedrive\desktop\pbl-2\debug\loaithutuc.obj
c:\users\nguoi\onedrive\desktop\pbl-2\debug\giaytobosung.obj
c:\users\nguoi\onedrive\desktop\pbl-2\debug\dbhelper.obj
c:\users\nguoi\onedrive\desktop\pbl-2\debug\congdan.obj
c:\users\nguoi\onedrive\desktop\pbl-2\debug\pbl-2.exe
c:\users\nguoi\onedrive\desktop\pbl-2\debug\pbl-2.ilk
c:\users\nguoi\onedrive\desktop\pbl-2\debug\pbl-2.pdb
c:\users\nguoi\onedrive\desktop\pbl-2\debug\congdan.obj.enc
c:\users\nguoi\onedrive\desktop\pbl-2\debug\pbl-2.tlog\cl.command.1.tlog
c:\users\nguoi\onedrive\desktop\pbl-2\debug\pbl-2.tlog\cl.read.1.tlog
c:\users\nguoi\onedrive\desktop\pbl-2\debug\pbl-2.tlog\cl.write.1.tlog
c:\users\nguoi\onedrive\desktop\pbl-2\debug\pbl-2.tlog\link.command.1.tlog
c:\users\nguoi\onedrive\desktop\pbl-2\debug\pbl-2.tlog\link.read.1.tlog
c:\users\nguoi\onedrive\desktop\pbl-2\debug\pbl-2.tlog\link.write.1.tlog
